0 info it worked if it ends with ok
1 verbose cli [ '/home/user/.nvm/versions/node/v7.5.0/bin/node',
1 verbose cli   '/home/user/.nvm/versions/node/v7.5.0/bin/npm',
1 verbose cli   'run',
1 verbose cli   'lint' ]
2 info using npm@4.1.2
3 info using node@v7.5.0
4 verbose run-script [ 'prelint', 'lint', 'postlint' ]
5 info lifecycle taxi-api@1.0.0~prelint: taxi-api@1.0.0
6 silly lifecycle taxi-api@1.0.0~prelint: no script for prelint, continuing
7 info lifecycle taxi-api@1.0.0~lint: taxi-api@1.0.0
8 verbose lifecycle taxi-api@1.0.0~lint: unsafe-perm in lifecycle true
9 verbose lifecycle taxi-api@1.0.0~lint: PATH: /home/user/.nvm/versions/node/v7.5.0/lib/node_modules/npm/bin/node-gyp-bin:/home/user/66-taxi-api/node_modules/.bin:/home/user/.rvm/gems/ruby-2.3.3/bin:/home/user/.rvm/gems/ruby-2.3.3@global/bin:/home/user/.rvm/rubies/ruby-2.3.3/bin:/home/user/bin:/home/user/.local/bin:/home/user/.nvm/versions/node/v7.5.0/bin:/home/user/bin:/home/user/.local/bin:/usr/local/sbin:/usr/local/bin:/usr/sbin:/usr/bin:/sbin:/bin:/usr/games:/usr/local/games:/snap/bin:/usr/lib/jvm/java-8-oracle/bin:/usr/lib/jvm/java-8-oracle/db/bin:/usr/lib/jvm/java-8-oracle/jre/bin:/home/user/.rvm/bin:/snap/bin:/usr/lib/jvm/java-8-oracle/bin:/usr/lib/jvm/java-8-oracle/db/bin:/usr/lib/jvm/java-8-oracle/jre/bin:/home/user/.rvm/bin:/home/user/.rvm/bin
10 verbose lifecycle taxi-api@1.0.0~lint: CWD: /home/user/66-taxi-api
11 silly lifecycle taxi-api@1.0.0~lint: Args: [ '-c', 'goodparts api/' ]
12 silly lifecycle taxi-api@1.0.0~lint: Returned: code: 1  signal: null
13 info lifecycle taxi-api@1.0.0~lint: Failed to exec lint script
14 verbose stack Error: taxi-api@1.0.0 lint: `goodparts api/`
14 verbose stack Exit status 1
14 verbose stack     at EventEmitter.<anonymous> (/home/user/.nvm/versions/node/v7.5.0/lib/node_modules/npm/lib/utils/lifecycle.js:279:16)
14 verbose stack     at emitTwo (events.js:106:13)
14 verbose stack     at EventEmitter.emit (events.js:192:7)
14 verbose stack     at ChildProcess.<anonymous> (/home/user/.nvm/versions/node/v7.5.0/lib/node_modules/npm/lib/utils/spawn.js:40:14)
14 verbose stack     at emitTwo (events.js:106:13)
14 verbose stack     at ChildProcess.emit (events.js:192:7)
14 verbose stack     at maybeClose (internal/child_process.js:890:16)
14 verbose stack     at Process.ChildProcess._handle.onexit (internal/child_process.js:226:5)
15 verbose pkgid taxi-api@1.0.0
16 verbose cwd /home/user/66-taxi-api
17 error Linux 4.4.0-67-generic
18 error argv "/home/user/.nvm/versions/node/v7.5.0/bin/node" "/home/user/.nvm/versions/node/v7.5.0/bin/npm" "run" "lint"
19 error node v7.5.0
20 error npm  v4.1.2
21 error code ELIFECYCLE
22 error taxi-api@1.0.0 lint: `goodparts api/`
22 error Exit status 1
23 error Failed at the taxi-api@1.0.0 lint script 'goodparts api/'.
23 error Make sure you have the latest version of node.js and npm installed.
23 error If you do, this is most likely a problem with the taxi-api package,
23 error not with npm itself.
23 error Tell the author that this fails on your system:
23 error     goodparts api/
23 error You can get information on how to open an issue for this project with:
23 error     npm bugs taxi-api
23 error Or if that isn't available, you can get their info via:
23 error     npm owner ls taxi-api
23 error There is likely additional logging output above.
24 verbose exit [ 1, true ]
